/*C14*/SET SCHEMA PUBLIC
DROP TABLE IF EXISTS "user" CASCADE
create table "user" ( id integer generated by default as identity (start with 1), name varchar(50) not null, username varchar(50) not null, email varchar(100) not null, primary key (id) )
INSERT INTO "user" VALUES(1,'Padar','Tanel','Tanel@Padar.com')
COMMIT
INSERT INTO "user" VALUES(2,'Meow','Woof','Meow@woof.com')
COMMIT
DELETE FROM USER WHERE ID=647
INSERT INTO USER VALUES(647,'jaagup','jaagup','jaagup')
COMMIT
DELETE FROM USER WHERE ID=647
INSERT INTO USER VALUES(647,'kallep','kalle','kalle')
COMMIT
INSERT INTO USER VALUES(756,'kallep','kalle','kalle')
COMMIT
/*C17*/SET SCHEMA PUBLIC
DISCONNECT
/*C16*/SET SCHEMA PUBLIC
DISCONNECT
/*C15*/SET SCHEMA PUBLIC
DISCONNECT
/*C18*/SET SCHEMA PUBLIC
DISCONNECT
/*C19*/SET SCHEMA PUBLIC
DISCONNECT
/*C23*/SET SCHEMA PUBLIC
DISCONNECT
/*C20*/SET SCHEMA PUBLIC
DISCONNECT
/*C22*/SET SCHEMA PUBLIC
DISCONNECT
/*C21*/SET SCHEMA PUBLIC
DISCONNECT
/*C14*/DISCONNECT
